<?xml version="1.0" encoding="UTF-8"?>
<testng-results ignored="0" total="1" passed="1" failed="0" skipped="0">
  <reporter-output>
  </reporter-output>
  <suite started-at="2024-11-08T23:28:30 IST" name="Default suite" finished-at="2024-11-08T23:28:56 IST" duration-ms="26152">
    <groups>
    </groups>
    <test started-at="2024-11-08T23:28:30 IST" name="Default test" finished-at="2024-11-08T23:28:56 IST" duration-ms="26152">
      <class name="com.learn.Test.ScrollPageTest">
        <test-method is-config="true" signature="beforeClassTest()[pri:0, instance:com.learn.Test.ScrollPageTest@d737b89]" started-at="2024-11-08T23:28:30 IST" name="beforeClassTest" finished-at="2024-11-08T23:28:32 IST" duration-ms="2126" status="PASS">
          <reporter-output>
          </reporter-output>
        </test-method> <!-- beforeClassTest -->
        <test-method signature="testNavigationMethods()[pri:0, instance:com.learn.Test.ScrollPageTest@d737b89]" started-at="2024-11-08T23:28:32 IST" name="testNavigationMethods" finished-at="2024-11-08T23:28:56 IST" duration-ms="23975" status="PASS">
          <reporter-output>
          </reporter-output>
        </test-method> <!-- testNavigationMethods -->
      </class> <!-- com.learn.Test.ScrollPageTest -->
    </test> <!-- Default test -->
  </suite> <!-- Default suite -->
</testng-results>
