<?xml version="1.0" encoding="UTF-8"?>
<!-- Generated by org.testng.reporters.JUnitXMLReporter -->
<testsuite ignored="2" hostname="Babu" failures="3" tests="3" name="Verifying Home Page" time="69.217" errors="0" timestamp="2024-10-28T07:59:03 IST">
  <testcase classname="com.learn.Test.VeiryMakeMyTrip" name="verifyLoginBtnInMMT" time="17.094">
    <failure type="java.lang.AssertionError" message="The following asserts failed:
	Id with Babu is not visible expected object to not be null">
      <![CDATA[java.lang.AssertionError: The following asserts failed:
Id with Babu is not visible expected object to not be null
at com.learn.Test.VeiryMakeMyTrip.verifyLoginBtnInMMT(VeiryMakeMyTrip.java:149)
at java.base/java.util.ArrayList.forEach(ArrayList.java:1596)
... Removed 27 stack frames]]>
    </failure>
  </testcase> <!-- verifyLoginBtnInMMT -->
  <testcase classname="com.learn.Test.VeiryMakeMyTrip" name="verifyLoginBtnInMMT" time="16.917">
    <failure type="java.lang.AssertionError" message="The following asserts failed:
	Id with Babu is not visible expected object to not be null">
      <![CDATA[java.lang.AssertionError: The following asserts failed:
Id with Babu is not visible expected object to not be null
at com.learn.Test.VeiryMakeMyTrip.verifyLoginBtnInMMT(VeiryMakeMyTrip.java:149)
at java.base/java.util.ArrayList.forEach(ArrayList.java:1596)
... Removed 27 stack frames]]>
    </failure>
  </testcase> <!-- verifyLoginBtnInMMT -->
  <testcase classname="com.learn.Test.VeiryMakeMyTrip" name="verifyLoginBtnInMMT" time="18.494">
    <failure type="java.lang.AssertionError" message="The following asserts failed:
	Id with Babu is not visible expected object to not be null">
      <![CDATA[java.lang.AssertionError: The following asserts failed:
Id with Babu is not visible expected object to not be null
at com.learn.Test.VeiryMakeMyTrip.verifyLoginBtnInMMT(VeiryMakeMyTrip.java:149)
at java.base/java.util.ArrayList.forEach(ArrayList.java:1596)
... Removed 27 stack frames]]>
    </failure>
  </testcase> <!-- verifyLoginBtnInMMT -->
  <testcase classname="com.learn.Test.VeiryMakeMyTrip" name="verifyMMTHomePage" time="0.0">
    <ignored/>
  </testcase> <!-- verifyMMTHomePage -->
  <testcase classname="com.learn.Test.VeiryMakeMyTrip" name="verifyDate" time="0.0">
    <ignored/>
  </testcase> <!-- verifyDate -->
</testsuite> <!-- Verifying Home Page -->
